2022-09-02 14:47:26
<b>EWWWIO_Tracking::send_checkin()</b>
<b>EWWWIO_Tracking::get_last_send()</b>
has not been a week since we last reported
2022-09-02 14:47:26
<b>ewww_image_optimizer_init()</b>
<b>EIO_Base::content_url()</b>
upload_url: https://wordpress-746269-2554664.cloudwaysapps.com/wp-content/uploads/
<b>EIO_Base::__construct()</b>
plugin (resource) content_url: https://wordpress-746269-2554664.cloudwaysapps.com/wp-content/ewww/
plugin (resource) content_dir: /home/746269.cloudwaysapps.com/azafzgymuq/public_html/wp-content/ewww/
home url: https://wordpress-746269-2554664.cloudwaysapps.com/
relative home url: //wordpress-746269-2554664.cloudwaysapps.com/
home domain: wordpress-746269-2554664.cloudwaysapps.com
site/upload url: https://wordpress-746269-2554664.cloudwaysapps.com
site/upload domain: wordpress-746269-2554664.cloudwaysapps.com
<b>EIO_Backup::__construct()</b>
checking active plugins
<b>EIO_Base::content_url()</b>
upload_url: https://wordpress-746269-2554664.cloudwaysapps.com/wp-content/uploads/
<b>EIO_Base::__construct()</b>
plugin (resource) content_url: https://wordpress-746269-2554664.cloudwaysapps.com/wp-content/ewww/
plugin (resource) content_dir: /home/746269.cloudwaysapps.com/azafzgymuq/public_html/wp-content/ewww/
home url: https://wordpress-746269-2554664.cloudwaysapps.com/
relative home url: //wordpress-746269-2554664.cloudwaysapps.com/
home domain: wordpress-746269-2554664.cloudwaysapps.com
site/upload url: https://wordpress-746269-2554664.cloudwaysapps.com
site/upload domain: wordpress-746269-2554664.cloudwaysapps.com
<b>EIO_Lazy_Load::__construct()</b>
request uri is /wp-admin/admin-ajax.php?action=wp_ewwwio_test_optimize&nonce=3d1274616b
is_admin
<b>EIO_Base::content_url()</b>
upload_url: https://wordpress-746269-2554664.cloudwaysapps.com/wp-content/uploads/
<b>EIO_Base::__construct()</b>
plugin (resource) content_url: https://wordpress-746269-2554664.cloudwaysapps.com/wp-content/ewww/
plugin (resource) content_dir: /home/746269.cloudwaysapps.com/azafzgymuq/public_html/wp-content/ewww/
home url: https://wordpress-746269-2554664.cloudwaysapps.com/
relative home url: //wordpress-746269-2554664.cloudwaysapps.com/
home domain: wordpress-746269-2554664.cloudwaysapps.com
site/upload url: https://wordpress-746269-2554664.cloudwaysapps.com
site/upload domain: wordpress-746269-2554664.cloudwaysapps.com
<b>EIO_JS_Webp::__construct()</b>
request uri is /wp-admin/admin-ajax.php?action=wp_ewwwio_test_optimize&nonce=3d1274616b
is_admin
<b>EIO_Base::content_url()</b>
upload_url: https://wordpress-746269-2554664.cloudwaysapps.com/wp-content/uploads/
<b>EIO_Base::__construct()</b>
plugin (resource) content_url: https://wordpress-746269-2554664.cloudwaysapps.com/wp-content/ewww/
plugin (resource) content_dir: /home/746269.cloudwaysapps.com/azafzgymuq/public_html/wp-content/ewww/
home url: https://wordpress-746269-2554664.cloudwaysapps.com/
relative home url: //wordpress-746269-2554664.cloudwaysapps.com/
home domain: wordpress-746269-2554664.cloudwaysapps.com
site/upload url: https://wordpress-746269-2554664.cloudwaysapps.com
site/upload domain: wordpress-746269-2554664.cloudwaysapps.com
<b>EIO_Picture_Webp::__construct()</b>
request uri is /wp-admin/admin-ajax.php?action=wp_ewwwio_test_optimize&nonce=3d1274616b
is_admin
<b>ewww_image_optimizer_admin_init()</b>
<b>EIO_Base::content_url()</b>
upload_url: https://wordpress-746269-2554664.cloudwaysapps.com/wp-content/uploads/
<b>EIO_Base::__construct()</b>
plugin (resource) content_url: https://wordpress-746269-2554664.cloudwaysapps.com/wp-content/ewww/
plugin (resource) content_dir: /home/746269.cloudwaysapps.com/azafzgymuq/public_html/wp-content/ewww/
home url: https://wordpress-746269-2554664.cloudwaysapps.com/
relative home url: //wordpress-746269-2554664.cloudwaysapps.com/
home domain: wordpress-746269-2554664.cloudwaysapps.com
site/upload url: https://wordpress-746269-2554664.cloudwaysapps.com
site/upload domain: wordpress-746269-2554664.cloudwaysapps.com
<b>ewww_image_optimizer_cloud_init()</b>
<b>ewww_image_optimizer_upgrade()</b>
<b>ewww_image_optimizer_exec_init()</b>
<b>ewww_image_optimizer_cron_setup()</b>
<b>ewww_image_optimizer_ajax_compat_check()</b>
doing wp_ewwwio_test_optimize
<b>EWWWIO_Tracking::schedule_send()</b>
checkin already scheduled: 1662216422
<b>EWWWIO_Test_Optimize_Handler::handle()</b>
